#-----------------------------------------------------------
# Vivado v2021.1 (64-bit)
# SW Build 3247384 on Thu Jun 10 19:36:33 MDT 2021
# IP Build 3246043 on Fri Jun 11 00:30:35 MDT 2021
# Start of session at: Thu Dec 16 15:35:53 2021
# Process ID: 4584
# Current directory: C:/Users/lenovo/Desktop/homework/Conv
# Command line: vivado.exe -gui_launcher_event rodinguilauncherevent17048 C:\Users\lenovo\Desktop\homework\Conv\Conv.xpr
# Log file: C:/Users/lenovo/Desktop/homework/Conv/vivado.log
# Journal file: C:/Users/lenovo/Desktop/homework/Conv\vivado.jou
#-----------------------------------------------------------
start_gui
open_project C:/Users/lenovo/Desktop/homework/Conv/Conv.xpr
WARNING: [filemgmt 56-3] Default IP Output Path : Could not find the directory 'C:/Users/lenovo/Desktop/homework/Conv/Conv.gen/sources_1'.
Scanning sources...
Finished scanning sources
INFO: [IP_Flow 19-234] Refreshing IP repositories
INFO: [IP_Flow 19-1704] No user IP repositories specified
INFO: [IP_Flow 19-2313] Loaded Vivado IP repository 'E:/Vivado/Vivado/2021.1/data/ip'.
open_project: Time (s): cpu = 00:00:16 ; elapsed = 00:00:07 . Memory (MB): peak = 1136.016 ; gain = 0.000
update_compile_order -fileset sources_1
exit
INFO: [Common 17-206] Exiting Vivado at Thu Dec 16 17:43:14 2021...
